mode: set
MAXPUMP1/pkg/api/handlers/adminHandler.go:29.206,36.2 1 0
MAXPUMP1/pkg/api/handlers/adminHandler.go:49.54,51.49 2 0
MAXPUMP1/pkg/api/handlers/adminHandler.go:51.49,54.3 2 0
MAXPUMP1/pkg/api/handlers/adminHandler.go:55.2,56.16 2 0
MAXPUMP1/pkg/api/handlers/adminHandler.go:56.16,59.3 2 0
MAXPUMP1/pkg/api/handlers/adminHandler.go:60.2,60.38 1 0
MAXPUMP1/pkg/api/handlers/adminHandler.go:73.64,75.56 2 0
MAXPUMP1/pkg/api/handlers/adminHandler.go:75.56,78.3 2 0
MAXPUMP1/pkg/api/handlers/adminHandler.go:79.2,82.16 4 0
MAXPUMP1/pkg/api/handlers/adminHandler.go:82.16,85.3 2 0
MAXPUMP1/pkg/api/handlers/adminHandler.go:85.8,88.3 2 0
MAXPUMP1/pkg/api/handlers/adminHandler.go:101.52,103.51 2 0
MAXPUMP1/pkg/api/handlers/adminHandler.go:103.51,106.3 2 0
MAXPUMP1/pkg/api/handlers/adminHandler.go:107.2,107.73 1 0
MAXPUMP1/pkg/api/handlers/adminHandler.go:107.73,110.3 2 0
MAXPUMP1/pkg/api/handlers/adminHandler.go:110.8,112.3 1 0
MAXPUMP1/pkg/api/handlers/adminHandler.go:126.60,128.57 2 0
MAXPUMP1/pkg/api/handlers/adminHandler.go:128.57,131.3 2 0
MAXPUMP1/pkg/api/handlers/adminHandler.go:132.2,132.38 1 0
MAXPUMP1/pkg/api/handlers/adminHandler.go:132.38,134.17 2 0
MAXPUMP1/pkg/api/handlers/adminHandler.go:134.17,136.4 1 0
MAXPUMP1/pkg/api/handlers/adminHandler.go:137.8,139.17 2 0
MAXPUMP1/pkg/api/handlers/adminHandler.go:139.17,142.4 2 0
MAXPUMP1/pkg/api/handlers/adminHandler.go:143.3,144.92 2 0
MAXPUMP1/pkg/api/handlers/adminHandler.go:156.53,158.16 2 0
MAXPUMP1/pkg/api/handlers/adminHandler.go:158.16,161.3 2 0
MAXPUMP1/pkg/api/handlers/adminHandler.go:161.8,163.3 1 0
MAXPUMP1/pkg/api/handlers/adminHandler.go:176.51,178.19 2 0
MAXPUMP1/pkg/api/handlers/adminHandler.go:178.19,181.3 2 0
MAXPUMP1/pkg/api/handlers/adminHandler.go:182.2,183.29 2 0
MAXPUMP1/pkg/api/handlers/adminHandler.go:183.29,186.3 2 0
MAXPUMP1/pkg/api/handlers/adminHandler.go:187.2,191.16 5 0
MAXPUMP1/pkg/api/handlers/adminHandler.go:191.16,194.3 2 0
MAXPUMP1/pkg/api/handlers/adminHandler.go:195.2,197.16 3 0
MAXPUMP1/pkg/api/handlers/adminHandler.go:197.16,200.3 2 0
MAXPUMP1/pkg/api/handlers/adminHandler.go:201.2,210.49 2 0
MAXPUMP1/pkg/api/handlers/adminHandler.go:223.52,225.50 2 0
MAXPUMP1/pkg/api/handlers/adminHandler.go:225.50,228.3 2 0
MAXPUMP1/pkg/api/handlers/adminHandler.go:229.2,230.16 2 0
MAXPUMP1/pkg/api/handlers/adminHandler.go:230.16,233.3 2 0
MAXPUMP1/pkg/api/handlers/adminHandler.go:234.2,234.44 1 0
MAXPUMP1/pkg/api/handlers/adminHandler.go:247.51,249.51 2 0
MAXPUMP1/pkg/api/handlers/adminHandler.go:249.51,252.3 2 0
MAXPUMP1/pkg/api/handlers/adminHandler.go:253.2,254.16 2 0
MAXPUMP1/pkg/api/handlers/adminHandler.go:254.16,257.3 2 0
MAXPUMP1/pkg/api/handlers/adminHandler.go:258.2,258.70 1 0
MAXPUMP1/pkg/api/handlers/adminHandler.go:271.53,273.53 2 0
MAXPUMP1/pkg/api/handlers/adminHandler.go:273.53,276.3 2 0
MAXPUMP1/pkg/api/handlers/adminHandler.go:277.2,278.16 2 0
MAXPUMP1/pkg/api/handlers/adminHandler.go:278.16,281.3 2 0
MAXPUMP1/pkg/api/handlers/adminHandler.go:282.2,282.72 1 0
MAXPUMP1/pkg/api/handlers/adminHandler.go:297.56,299.47 2 0
MAXPUMP1/pkg/api/handlers/adminHandler.go:299.47,302.3 2 0
MAXPUMP1/pkg/api/handlers/adminHandler.go:303.2,304.16 2 0
MAXPUMP1/pkg/api/handlers/adminHandler.go:304.16,307.3 2 0
MAXPUMP1/pkg/api/handlers/adminHandler.go:308.2,308.57 1 0
MAXPUMP1/pkg/api/handlers/adminHandler.go:319.56,321.16 2 0
MAXPUMP1/pkg/api/handlers/adminHandler.go:321.16,324.3 2 0
MAXPUMP1/pkg/api/handlers/adminHandler.go:325.2,326.38 2 0
MAXPUMP1/pkg/api/handlers/adminHandler.go:326.38,332.65 2 0
MAXPUMP1/pkg/api/handlers/adminHandler.go:332.65,333.69 1 0
MAXPUMP1/pkg/api/handlers/adminHandler.go:333.69,335.5 1 0
MAXPUMP1/pkg/api/handlers/adminHandler.go:337.3,337.68 1 0
MAXPUMP1/pkg/api/handlers/adminHandler.go:337.68,338.80 1 0
MAXPUMP1/pkg/api/handlers/adminHandler.go:338.80,340.5 1 0
MAXPUMP1/pkg/api/handlers/adminHandler.go:342.3,342.48 1 0
MAXPUMP1/pkg/api/handlers/adminHandler.go:344.2,344.54 1 0
MAXPUMP1/pkg/api/handlers/adminHandler.go:358.56,360.56 2 0
MAXPUMP1/pkg/api/handlers/adminHandler.go:360.56,363.3 2 0
MAXPUMP1/pkg/api/handlers/adminHandler.go:364.2,365.16 2 0
MAXPUMP1/pkg/api/handlers/adminHandler.go:365.16,368.3 2 0
MAXPUMP1/pkg/api/handlers/adminHandler.go:369.2,369.21 1 0
MAXPUMP1/pkg/api/handlers/adminHandler.go:369.21,372.3 2 0
MAXPUMP1/pkg/api/handlers/adminHandler.go:373.2,376.16 4 0
MAXPUMP1/pkg/api/handlers/adminHandler.go:376.16,379.3 2 0
MAXPUMP1/pkg/api/handlers/adminHandler.go:380.2,380.60 1 0
MAXPUMP1/pkg/api/handlers/adminHandler.go:394.56,396.58 2 0
MAXPUMP1/pkg/api/handlers/adminHandler.go:396.58,399.3 2 0
MAXPUMP1/pkg/api/handlers/adminHandler.go:400.2,401.16 2 0
MAXPUMP1/pkg/api/handlers/adminHandler.go:401.16,404.3 2 0
MAXPUMP1/pkg/api/handlers/adminHandler.go:405.2,406.16 2 0
MAXPUMP1/pkg/api/handlers/adminHandler.go:406.16,409.3 2 0
MAXPUMP1/pkg/api/handlers/adminHandler.go:410.2,410.74 1 0
MAXPUMP1/pkg/api/handlers/adminHandler.go:425.52,433.43 8 0
MAXPUMP1/pkg/api/handlers/adminHandler.go:433.43,436.3 2 0
MAXPUMP1/pkg/api/handlers/adminHandler.go:437.2,438.46 2 0
MAXPUMP1/pkg/api/handlers/adminHandler.go:438.46,441.3 2 0
MAXPUMP1/pkg/api/handlers/adminHandler.go:442.2,443.48 2 0
MAXPUMP1/pkg/api/handlers/adminHandler.go:443.48,446.3 2 0
MAXPUMP1/pkg/api/handlers/adminHandler.go:447.2,448.16 2 0
MAXPUMP1/pkg/api/handlers/adminHandler.go:448.16,451.3 2 0
MAXPUMP1/pkg/api/handlers/adminHandler.go:452.2,453.16 2 0
MAXPUMP1/pkg/api/handlers/adminHandler.go:453.16,456.3 2 0
MAXPUMP1/pkg/api/handlers/adminHandler.go:457.2,459.16 3 0
MAXPUMP1/pkg/api/handlers/adminHandler.go:459.16,462.3 2 0
MAXPUMP1/pkg/api/handlers/adminHandler.go:463.2,470.16 4 0
MAXPUMP1/pkg/api/handlers/adminHandler.go:470.16,473.3 2 0
MAXPUMP1/pkg/api/handlers/adminHandler.go:474.2,484.16 3 0
MAXPUMP1/pkg/api/handlers/adminHandler.go:484.16,487.3 2 0
MAXPUMP1/pkg/api/handlers/adminHandler.go:488.2,491.4 1 0
MAXPUMP1/pkg/api/handlers/adminHandler.go:502.57,504.19 2 0
MAXPUMP1/pkg/api/handlers/adminHandler.go:504.19,507.3 2 0
MAXPUMP1/pkg/api/handlers/adminHandler.go:508.2,509.29 2 0
MAXPUMP1/pkg/api/handlers/adminHandler.go:509.29,512.3 2 0
MAXPUMP1/pkg/api/handlers/adminHandler.go:513.2,517.16 5 0
MAXPUMP1/pkg/api/handlers/adminHandler.go:517.16,520.3 2 0
MAXPUMP1/pkg/api/handlers/adminHandler.go:521.2,521.33 1 0
MAXPUMP1/pkg/api/handlers/adminHandler.go:521.33,524.3 2 0
MAXPUMP1/pkg/api/handlers/adminHandler.go:525.2,525.30 1 0
MAXPUMP1/pkg/api/handlers/adminHandler.go:525.30,528.3 2 0
MAXPUMP1/pkg/api/handlers/adminHandler.go:529.2,530.16 2 0
MAXPUMP1/pkg/api/handlers/adminHandler.go:530.16,533.3 2 0
MAXPUMP1/pkg/api/handlers/adminHandler.go:534.2,544.52 3 0
MAXPUMP1/pkg/api/handlers/adminHandler.go:559.55,561.55 2 0
MAXPUMP1/pkg/api/handlers/adminHandler.go:561.55,564.3 2 0
MAXPUMP1/pkg/api/handlers/adminHandler.go:565.2,566.16 2 0
MAXPUMP1/pkg/api/handlers/adminHandler.go:566.16,569.3 2 0
MAXPUMP1/pkg/api/handlers/adminHandler.go:570.2,574.56 2 0
MAXPUMP1/pkg/api/handlers/adminHandler.go:587.55,589.51 2 0
MAXPUMP1/pkg/api/handlers/adminHandler.go:589.51,592.3 2 0
MAXPUMP1/pkg/api/handlers/adminHandler.go:593.2,594.16 2 0
MAXPUMP1/pkg/api/handlers/adminHandler.go:594.16,597.3 2 0
MAXPUMP1/pkg/api/handlers/adminHandler.go:598.2,598.73 1 0
MAXPUMP1/pkg/api/handlers/adminHandler.go:603.51,605.50 2 0
MAXPUMP1/pkg/api/handlers/adminHandler.go:605.50,608.3 2 0
MAXPUMP1/pkg/api/handlers/adminHandler.go:609.2,610.16 2 0
MAXPUMP1/pkg/api/handlers/adminHandler.go:610.16,613.3 2 0
MAXPUMP1/pkg/api/handlers/adminHandler.go:614.2,616.29 1 0
MAXPUMP1/pkg/api/handlers/adminHandler.go:619.56,621.19 2 0
MAXPUMP1/pkg/api/handlers/adminHandler.go:621.19,624.3 2 0
MAXPUMP1/pkg/api/handlers/adminHandler.go:625.2,626.29 2 0
MAXPUMP1/pkg/api/handlers/adminHandler.go:626.29,629.3 2 0
MAXPUMP1/pkg/api/handlers/adminHandler.go:630.2,634.16 5 0
MAXPUMP1/pkg/api/handlers/adminHandler.go:634.16,637.3 2 0
MAXPUMP1/pkg/api/handlers/adminHandler.go:638.2,638.23 1 0
MAXPUMP1/pkg/api/handlers/adminHandler.go:638.23,641.3 2 0
MAXPUMP1/pkg/api/handlers/adminHandler.go:642.2,644.16 3 0
MAXPUMP1/pkg/api/handlers/adminHandler.go:644.16,647.3 2 0
MAXPUMP1/pkg/api/handlers/adminHandler.go:648.2,648.29 1 0
MAXPUMP1/pkg/api/handlers/adminHandler.go:648.29,651.3 2 0
MAXPUMP1/pkg/api/handlers/adminHandler.go:652.2,661.51 2 0
MAXPUMP1/pkg/api/handlers/adminHandler.go:664.52,666.47 2 0
MAXPUMP1/pkg/api/handlers/adminHandler.go:666.47,669.3 2 0
MAXPUMP1/pkg/api/handlers/adminHandler.go:670.2,671.16 2 0
MAXPUMP1/pkg/api/handlers/adminHandler.go:671.16,674.3 2 0
MAXPUMP1/pkg/api/handlers/adminHandler.go:675.2,675.60 1 0
MAXPUMP1/pkg/api/handlers/adminHandler.go:678.54,680.58 2 0
MAXPUMP1/pkg/api/handlers/adminHandler.go:680.58,683.3 2 0
MAXPUMP1/pkg/api/handlers/adminHandler.go:684.2,685.66 2 0
MAXPUMP1/pkg/api/handlers/adminHandler.go:685.66,688.3 2 0
MAXPUMP1/pkg/api/handlers/adminHandler.go:689.2,689.72 1 0
MAXPUMP1/pkg/api/handlers/adminHandler.go:694.55,696.19 2 0
MAXPUMP1/pkg/api/handlers/adminHandler.go:696.19,699.3 2 0
MAXPUMP1/pkg/api/handlers/adminHandler.go:700.2,701.29 2 0
MAXPUMP1/pkg/api/handlers/adminHandler.go:701.29,704.3 2 0
MAXPUMP1/pkg/api/handlers/adminHandler.go:705.2,709.16 5 0
MAXPUMP1/pkg/api/handlers/adminHandler.go:709.16,712.3 2 0
MAXPUMP1/pkg/api/handlers/adminHandler.go:713.2,713.22 1 0
MAXPUMP1/pkg/api/handlers/adminHandler.go:713.22,716.3 2 0
MAXPUMP1/pkg/api/handlers/adminHandler.go:717.2,719.16 3 0
MAXPUMP1/pkg/api/handlers/adminHandler.go:719.16,722.3 2 0
MAXPUMP1/pkg/api/handlers/adminHandler.go:723.2,723.28 1 0
MAXPUMP1/pkg/api/handlers/adminHandler.go:723.28,726.3 2 0
MAXPUMP1/pkg/api/handlers/adminHandler.go:727.2,736.51 2 0
MAXPUMP1/pkg/api/handlers/adminHandler.go:739.59,741.58 2 0
MAXPUMP1/pkg/api/handlers/adminHandler.go:741.58,744.3 2 0
MAXPUMP1/pkg/api/handlers/adminHandler.go:745.2,745.31 1 0
MAXPUMP1/pkg/api/handlers/adminHandler.go:746.69,746.69 0 0
MAXPUMP1/pkg/api/handlers/adminHandler.go:747.10,749.9 2 0
MAXPUMP1/pkg/api/handlers/adminHandler.go:751.2,752.16 2 0
MAXPUMP1/pkg/api/handlers/adminHandler.go:752.16,755.3 2 0
MAXPUMP1/pkg/api/handlers/adminHandler.go:756.2,758.34 1 0
MAXPUMP1/pkg/api/handlers/adminHandler.go:761.59,763.19 2 0
MAXPUMP1/pkg/api/handlers/adminHandler.go:763.19,766.3 2 0
MAXPUMP1/pkg/api/handlers/adminHandler.go:767.2,768.29 2 0
MAXPUMP1/pkg/api/handlers/adminHandler.go:768.29,771.3 2 0
MAXPUMP1/pkg/api/handlers/adminHandler.go:772.2,776.16 5 0
MAXPUMP1/pkg/api/handlers/adminHandler.go:776.16,779.3 2 0
MAXPUMP1/pkg/api/handlers/adminHandler.go:780.2,780.24 1 0
MAXPUMP1/pkg/api/handlers/adminHandler.go:780.24,783.3 2 0
MAXPUMP1/pkg/api/handlers/adminHandler.go:784.2,786.16 3 0
MAXPUMP1/pkg/api/handlers/adminHandler.go:786.16,789.3 2 0
MAXPUMP1/pkg/api/handlers/adminHandler.go:790.2,790.36 1 0
MAXPUMP1/pkg/api/handlers/adminHandler.go:790.36,793.3 2 0
MAXPUMP1/pkg/api/handlers/adminHandler.go:794.2,803.59 2 0
MAXPUMP1/pkg/api/handlers/adminHandler.go:806.63,808.47 2 0
MAXPUMP1/pkg/api/handlers/adminHandler.go:808.47,811.3 2 0
MAXPUMP1/pkg/api/handlers/adminHandler.go:812.2,813.16 2 0
MAXPUMP1/pkg/api/handlers/adminHandler.go:813.16,816.3 2 0
MAXPUMP1/pkg/api/handlers/adminHandler.go:817.2,817.61 1 0
MAXPUMP1/pkg/api/handlers/adminHandler.go:821.51,823.19 2 0
MAXPUMP1/pkg/api/handlers/adminHandler.go:823.19,826.3 2 0
MAXPUMP1/pkg/api/handlers/adminHandler.go:827.2,828.29 2 0
MAXPUMP1/pkg/api/handlers/adminHandler.go:828.29,831.3 2 0
MAXPUMP1/pkg/api/handlers/adminHandler.go:832.2,836.16 5 0
MAXPUMP1/pkg/api/handlers/adminHandler.go:836.16,839.3 2 0
MAXPUMP1/pkg/api/handlers/adminHandler.go:840.2,840.21 1 0
MAXPUMP1/pkg/api/handlers/adminHandler.go:840.21,843.3 2 0
MAXPUMP1/pkg/api/handlers/adminHandler.go:844.2,846.16 3 0
MAXPUMP1/pkg/api/handlers/adminHandler.go:846.16,849.3 2 0
MAXPUMP1/pkg/api/handlers/adminHandler.go:850.2,850.27 1 0
MAXPUMP1/pkg/api/handlers/adminHandler.go:850.27,853.3 2 0
MAXPUMP1/pkg/api/handlers/adminHandler.go:854.2,863.49 2 0
MAXPUMP1/pkg/api/handlers/adminHandler.go:866.67,868.47 2 0
MAXPUMP1/pkg/api/handlers/adminHandler.go:868.47,871.3 2 0
MAXPUMP1/pkg/api/handlers/adminHandler.go:872.2,875.16 4 0
MAXPUMP1/pkg/api/handlers/adminHandler.go:875.16,878.3 2 0
MAXPUMP1/pkg/api/handlers/adminHandler.go:879.2,880.19 2 0
MAXPUMP1/pkg/api/handlers/adminHandler.go:880.19,883.3 2 0
MAXPUMP1/pkg/api/handlers/adminHandler.go:884.2,885.29 2 0
MAXPUMP1/pkg/api/handlers/adminHandler.go:885.29,888.3 2 0
MAXPUMP1/pkg/api/handlers/adminHandler.go:889.2,893.16 5 0
MAXPUMP1/pkg/api/handlers/adminHandler.go:893.16,896.3 2 0
MAXPUMP1/pkg/api/handlers/adminHandler.go:897.2,897.27 1 0
MAXPUMP1/pkg/api/handlers/adminHandler.go:897.27,900.3 2 0
MAXPUMP1/pkg/api/handlers/adminHandler.go:901.2,903.16 3 0
MAXPUMP1/pkg/api/handlers/adminHandler.go:903.16,906.3 2 0
MAXPUMP1/pkg/api/handlers/adminHandler.go:907.2,907.27 1 0
MAXPUMP1/pkg/api/handlers/adminHandler.go:907.27,910.3 2 0
MAXPUMP1/pkg/api/handlers/adminHandler.go:911.2,921.49 2 0
MAXPUMP1/pkg/api/handlers/adminHandler.go:924.59,926.47 2 0
MAXPUMP1/pkg/api/handlers/adminHandler.go:926.47,929.3 2 0
MAXPUMP1/pkg/api/handlers/adminHandler.go:930.2,933.16 3 0
MAXPUMP1/pkg/api/handlers/adminHandler.go:933.16,936.3 2 0
MAXPUMP1/pkg/api/handlers/adminHandler.go:937.2,937.80 1 0
MAXPUMP1/pkg/api/handlers/adminHandler.go:941.60,946.2 2 0
MAXPUMP1/pkg/api/handlers/userHandler.go:25.240,32.2 1 0
MAXPUMP1/pkg/api/handlers/userHandler.go:46.47,48.53 2 1
MAXPUMP1/pkg/api/handlers/userHandler.go:48.53,51.3 2 1
MAXPUMP1/pkg/api/handlers/userHandler.go:52.2,52.137 1 1
MAXPUMP1/pkg/api/handlers/userHandler.go:52.137,55.3 2 1
MAXPUMP1/pkg/api/handlers/userHandler.go:56.2,59.16 4 1
MAXPUMP1/pkg/api/handlers/userHandler.go:59.16,62.3 2 1
MAXPUMP1/pkg/api/handlers/userHandler.go:63.2,63.37 1 1
MAXPUMP1/pkg/api/handlers/userHandler.go:76.54,78.48 2 0
MAXPUMP1/pkg/api/handlers/userHandler.go:78.48,81.3 2 0
MAXPUMP1/pkg/api/handlers/userHandler.go:82.2,83.16 2 0
MAXPUMP1/pkg/api/handlers/userHandler.go:83.16,86.3 2 0
MAXPUMP1/pkg/api/handlers/userHandler.go:86.8,88.3 1 0
MAXPUMP1/pkg/api/handlers/userHandler.go:101.60,103.51 2 0
MAXPUMP1/pkg/api/handlers/userHandler.go:103.51,106.3 2 0
MAXPUMP1/pkg/api/handlers/userHandler.go:107.2,110.16 4 0
MAXPUMP1/pkg/api/handlers/userHandler.go:110.16,113.3 2 0
MAXPUMP1/pkg/api/handlers/userHandler.go:113.8,115.3 1 0
MAXPUMP1/pkg/api/handlers/userHandler.go:128.58,130.56 2 0
MAXPUMP1/pkg/api/handlers/userHandler.go:130.56,133.3 2 0
MAXPUMP1/pkg/api/handlers/userHandler.go:134.2,137.16 4 0
MAXPUMP1/pkg/api/handlers/userHandler.go:137.16,140.3 2 0
MAXPUMP1/pkg/api/handlers/userHandler.go:140.8,143.3 2 0
MAXPUMP1/pkg/api/handlers/userHandler.go:154.51,156.16 2 0
MAXPUMP1/pkg/api/handlers/userHandler.go:156.16,158.3 1 0
MAXPUMP1/pkg/api/handlers/userHandler.go:158.8,160.3 1 0
MAXPUMP1/pkg/api/handlers/userHandler.go:173.55,175.19 2 0
MAXPUMP1/pkg/api/handlers/userHandler.go:175.19,178.3 2 0
MAXPUMP1/pkg/api/handlers/userHandler.go:179.2,180.29 2 0
MAXPUMP1/pkg/api/handlers/userHandler.go:180.29,183.3 2 0
MAXPUMP1/pkg/api/handlers/userHandler.go:184.2,188.16 5 0
MAXPUMP1/pkg/api/handlers/userHandler.go:188.16,191.3 2 0
MAXPUMP1/pkg/api/handlers/userHandler.go:192.2,193.16 2 0
MAXPUMP1/pkg/api/handlers/userHandler.go:193.16,196.3 2 0
MAXPUMP1/pkg/api/handlers/userHandler.go:197.2,207.54 3 0
MAXPUMP1/pkg/api/handlers/userHandler.go:219.59,222.19 3 0
MAXPUMP1/pkg/api/handlers/userHandler.go:222.19,225.3 2 0
MAXPUMP1/pkg/api/handlers/userHandler.go:226.2,227.29 2 0
MAXPUMP1/pkg/api/handlers/userHandler.go:227.29,230.3 2 0
MAXPUMP1/pkg/api/handlers/userHandler.go:231.2,234.60 4 0
MAXPUMP1/pkg/api/handlers/userHandler.go:234.60,237.3 2 0
MAXPUMP1/pkg/api/handlers/userHandler.go:238.2,239.16 2 0
MAXPUMP1/pkg/api/handlers/userHandler.go:239.16,242.3 2 0
MAXPUMP1/pkg/api/handlers/userHandler.go:243.2,244.16 2 0
MAXPUMP1/pkg/api/handlers/userHandler.go:244.16,247.3 2 0
MAXPUMP1/pkg/api/handlers/userHandler.go:248.2,258.54 3 0
MAXPUMP1/pkg/api/handlers/userHandler.go:271.56,273.19 2 0
MAXPUMP1/pkg/api/handlers/userHandler.go:273.19,276.3 2 0
MAXPUMP1/pkg/api/handlers/userHandler.go:277.2,278.29 2 0
MAXPUMP1/pkg/api/handlers/userHandler.go:278.29,281.3 2 0
MAXPUMP1/pkg/api/handlers/userHandler.go:282.2,286.16 5 0
MAXPUMP1/pkg/api/handlers/userHandler.go:286.16,289.3 2 0
MAXPUMP1/pkg/api/handlers/userHandler.go:290.2,290.33 1 0
MAXPUMP1/pkg/api/handlers/userHandler.go:290.33,293.3 2 0
MAXPUMP1/pkg/api/handlers/userHandler.go:294.2,294.30 1 0
MAXPUMP1/pkg/api/handlers/userHandler.go:294.30,297.3 2 0
MAXPUMP1/pkg/api/handlers/userHandler.go:298.2,299.16 2 0
MAXPUMP1/pkg/api/handlers/userHandler.go:299.16,302.3 2 0
MAXPUMP1/pkg/api/handlers/userHandler.go:303.2,313.52 3 0
MAXPUMP1/pkg/api/handlers/userHandler.go:326.54,328.51 2 0
MAXPUMP1/pkg/api/handlers/userHandler.go:328.51,331.3 2 0
MAXPUMP1/pkg/api/handlers/userHandler.go:332.2,333.16 2 0
MAXPUMP1/pkg/api/handlers/userHandler.go:333.16,336.3 2 0
MAXPUMP1/pkg/api/handlers/userHandler.go:337.2,337.26 1 0
MAXPUMP1/pkg/api/handlers/userHandler.go:337.26,340.3 2 0
MAXPUMP1/pkg/api/handlers/userHandler.go:341.2,345.62 2 0
MAXPUMP1/pkg/api/handlers/userHandler.go:362.50,364.48 2 0
MAXPUMP1/pkg/api/handlers/userHandler.go:364.48,367.3 2 0
MAXPUMP1/pkg/api/handlers/userHandler.go:368.2,369.16 2 0
MAXPUMP1/pkg/api/handlers/userHandler.go:369.16,372.3 2 0
MAXPUMP1/pkg/api/handlers/userHandler.go:373.2,374.16 2 0
MAXPUMP1/pkg/api/handlers/userHandler.go:374.16,377.3 2 0
MAXPUMP1/pkg/api/handlers/userHandler.go:378.2,378.14 1 0
MAXPUMP1/pkg/api/handlers/userHandler.go:378.14,381.3 2 0
MAXPUMP1/pkg/api/handlers/userHandler.go:382.2,382.20 1 0
MAXPUMP1/pkg/api/handlers/userHandler.go:382.20,385.3 2 0
MAXPUMP1/pkg/api/handlers/userHandler.go:386.2,389.16 3 0
MAXPUMP1/pkg/api/handlers/userHandler.go:389.16,392.3 2 0
MAXPUMP1/pkg/api/handlers/userHandler.go:393.2,395.27 1 0
MAXPUMP1/pkg/api/handlers/userHandler.go:408.49,411.19 3 0
MAXPUMP1/pkg/api/handlers/userHandler.go:411.19,414.3 2 0
MAXPUMP1/pkg/api/handlers/userHandler.go:415.2,416.29 2 0
MAXPUMP1/pkg/api/handlers/userHandler.go:416.29,419.3 2 0
MAXPUMP1/pkg/api/handlers/userHandler.go:420.2,421.16 2 0
MAXPUMP1/pkg/api/handlers/userHandler.go:421.16,424.3 2 0
MAXPUMP1/pkg/api/handlers/userHandler.go:425.2,429.21 5 0
MAXPUMP1/pkg/api/handlers/userHandler.go:429.21,432.3 2 0
MAXPUMP1/pkg/api/handlers/userHandler.go:433.2,433.16 1 0
MAXPUMP1/pkg/api/handlers/userHandler.go:433.16,436.3 2 0
MAXPUMP1/pkg/api/handlers/userHandler.go:437.2,438.16 2 0
MAXPUMP1/pkg/api/handlers/userHandler.go:438.16,441.3 2 0
MAXPUMP1/pkg/api/handlers/userHandler.go:442.2,442.31 1 0
MAXPUMP1/pkg/api/handlers/userHandler.go:442.31,445.3 2 0
MAXPUMP1/pkg/api/handlers/userHandler.go:446.2,456.48 3 0
MAXPUMP1/pkg/api/handlers/userHandler.go:469.62,471.51 2 0
MAXPUMP1/pkg/api/handlers/userHandler.go:471.51,474.3 2 0
MAXPUMP1/pkg/api/handlers/userHandler.go:475.2,477.16 3 0
MAXPUMP1/pkg/api/handlers/userHandler.go:477.16,480.3 2 0
MAXPUMP1/pkg/api/handlers/userHandler.go:481.2,481.81 1 0
MAXPUMP1/pkg/api/handlers/userHandler.go:496.51,498.51 2 0
MAXPUMP1/pkg/api/handlers/userHandler.go:498.51,501.3 2 0
MAXPUMP1/pkg/api/handlers/userHandler.go:502.2,505.16 4 0
MAXPUMP1/pkg/api/handlers/userHandler.go:505.16,508.3 2 0
MAXPUMP1/pkg/api/handlers/userHandler.go:509.2,511.4 1 0
MAXPUMP1/pkg/api/handlers/userHandler.go:524.52,526.47 2 0
MAXPUMP1/pkg/api/handlers/userHandler.go:526.47,529.3 2 0
MAXPUMP1/pkg/api/handlers/userHandler.go:530.2,532.16 3 0
MAXPUMP1/pkg/api/handlers/userHandler.go:532.16,535.3 2 0
MAXPUMP1/pkg/api/handlers/userHandler.go:536.2,538.4 1 0
MAXPUMP1/pkg/api/handlers/userHandler.go:551.54,553.47 2 0
MAXPUMP1/pkg/api/handlers/userHandler.go:553.47,556.3 2 0
MAXPUMP1/pkg/api/handlers/userHandler.go:557.2,559.16 3 0
MAXPUMP1/pkg/api/handlers/userHandler.go:559.16,562.3 2 0
MAXPUMP1/pkg/api/handlers/userHandler.go:563.2,565.4 1 0
MAXPUMP1/pkg/api/handlers/userHandler.go:576.54,579.16 3 0
MAXPUMP1/pkg/api/handlers/userHandler.go:579.16,582.3 2 0
MAXPUMP1/pkg/api/handlers/userHandler.go:583.2,585.4 1 0
MAXPUMP1/pkg/api/handlers/userHandler.go:596.52,599.16 3 0
MAXPUMP1/pkg/api/handlers/userHandler.go:599.16,602.3 2 0
MAXPUMP1/pkg/api/handlers/userHandler.go:603.2,605.23 1 0
MAXPUMP1/pkg/api/handlers/userHandler.go:620.51,622.47 2 0
MAXPUMP1/pkg/api/handlers/userHandler.go:622.47,625.3 2 0
MAXPUMP1/pkg/api/handlers/userHandler.go:626.2,629.16 4 0
MAXPUMP1/pkg/api/handlers/userHandler.go:629.16,632.3 2 0
MAXPUMP1/pkg/api/handlers/userHandler.go:633.2,633.26 1 0
MAXPUMP1/pkg/api/handlers/userHandler.go:633.26,636.3 2 0
MAXPUMP1/pkg/api/handlers/userHandler.go:637.2,637.31 1 0
MAXPUMP1/pkg/api/handlers/userHandler.go:638.16,640.17 2 0
MAXPUMP1/pkg/api/handlers/userHandler.go:640.17,643.4 2 0
MAXPUMP1/pkg/api/handlers/userHandler.go:644.3,646.17 3 0
MAXPUMP1/pkg/api/handlers/userHandler.go:646.17,649.4 2 0
MAXPUMP1/pkg/api/handlers/userHandler.go:650.3,655.5 1 0
MAXPUMP1/pkg/api/handlers/userHandler.go:656.13,658.17 2 0
MAXPUMP1/pkg/api/handlers/userHandler.go:658.17,661.4 2 0
MAXPUMP1/pkg/api/handlers/userHandler.go:662.3,667.5 1 0
MAXPUMP1/pkg/api/handlers/userHandler.go:668.10,670.9 2 0
MAXPUMP1/pkg/api/handlers/userHandler.go:682.50,685.19 3 0
MAXPUMP1/pkg/api/handlers/userHandler.go:685.19,688.3 2 0
MAXPUMP1/pkg/api/handlers/userHandler.go:689.2,690.29 2 0
MAXPUMP1/pkg/api/handlers/userHandler.go:690.29,693.3 2 0
MAXPUMP1/pkg/api/handlers/userHandler.go:694.2,699.16 6 0
MAXPUMP1/pkg/api/handlers/userHandler.go:699.16,702.3 2 0
MAXPUMP1/pkg/api/handlers/userHandler.go:703.2,704.16 2 0
MAXPUMP1/pkg/api/handlers/userHandler.go:704.16,707.3 2 0
MAXPUMP1/pkg/api/handlers/userHandler.go:708.2,708.21 1 0
MAXPUMP1/pkg/api/handlers/userHandler.go:708.21,711.3 2 0
MAXPUMP1/pkg/api/handlers/userHandler.go:712.2,725.50 3 0
MAXPUMP1/pkg/api/handlers/userHandler.go:738.55,741.16 3 0
MAXPUMP1/pkg/api/handlers/userHandler.go:741.16,744.3 2 0
MAXPUMP1/pkg/api/handlers/userHandler.go:745.2,745.27 1 0
MAXPUMP1/pkg/api/handlers/userHandler.go:745.27,748.3 2 0
MAXPUMP1/pkg/api/handlers/userHandler.go:749.2,750.16 2 0
MAXPUMP1/pkg/api/handlers/userHandler.go:750.16,753.3 2 0
MAXPUMP1/pkg/api/handlers/userHandler.go:754.2,757.4 1 0
MAXPUMP1/pkg/api/handlers/userHandler.go:760.54,762.53 2 0
MAXPUMP1/pkg/api/handlers/userHandler.go:762.53,765.3 2 0
MAXPUMP1/pkg/api/handlers/userHandler.go:766.2,767.16 2 0
MAXPUMP1/pkg/api/handlers/userHandler.go:767.16,770.3 2 0
MAXPUMP1/pkg/api/handlers/userHandler.go:771.2,771.86 1 0
MAXPUMP1/pkg/api/handlers/userHandler.go:777.61,779.19 2 0
MAXPUMP1/pkg/api/handlers/userHandler.go:779.19,782.3 2 0
MAXPUMP1/pkg/api/handlers/userHandler.go:783.2,784.29 2 0
MAXPUMP1/pkg/api/handlers/userHandler.go:784.29,787.3 2 0
MAXPUMP1/pkg/api/handlers/userHandler.go:788.2,792.23 5 0
MAXPUMP1/pkg/api/handlers/userHandler.go:792.23,795.3 2 0
MAXPUMP1/pkg/api/handlers/userHandler.go:796.2,798.29 3 0
MAXPUMP1/pkg/api/handlers/userHandler.go:798.29,801.3 2 0
MAXPUMP1/pkg/api/handlers/userHandler.go:802.2,802.16 1 0
MAXPUMP1/pkg/api/handlers/userHandler.go:802.16,805.3 2 0
MAXPUMP1/pkg/api/handlers/userHandler.go:806.2,814.51 2 0
MAXPUMP1/pkg/api/handlers/userHandler.go:817.52,819.50 2 0
MAXPUMP1/pkg/api/handlers/userHandler.go:819.50,822.3 2 0
MAXPUMP1/pkg/api/handlers/userHandler.go:823.2,826.16 4 0
MAXPUMP1/pkg/api/handlers/userHandler.go:826.16,829.3 2 0
MAXPUMP1/pkg/api/handlers/userHandler.go:830.2,830.65 1 0
MAXPUMP1/pkg/api/handlers/userHandler.go:835.55,838.16 3 0
MAXPUMP1/pkg/api/handlers/userHandler.go:838.16,841.3 2 0
MAXPUMP1/pkg/api/handlers/userHandler.go:842.2,845.4 1 0
MAXPUMP1/pkg/api/handlers/userHandler.go:848.61,851.19 3 0
MAXPUMP1/pkg/api/handlers/userHandler.go:851.19,854.3 2 0
MAXPUMP1/pkg/api/handlers/userHandler.go:855.2,856.29 2 0
MAXPUMP1/pkg/api/handlers/userHandler.go:856.29,859.3 2 0
MAXPUMP1/pkg/api/handlers/userHandler.go:860.2,864.16 5 0
MAXPUMP1/pkg/api/handlers/userHandler.go:864.16,867.3 2 0
MAXPUMP1/pkg/api/handlers/userHandler.go:868.2,868.24 1 0
MAXPUMP1/pkg/api/handlers/userHandler.go:868.24,871.3 2 0
MAXPUMP1/pkg/api/handlers/userHandler.go:872.2,873.24 2 0
MAXPUMP1/pkg/api/handlers/userHandler.go:873.24,876.3 2 0
MAXPUMP1/pkg/api/handlers/userHandler.go:877.2,879.16 3 0
MAXPUMP1/pkg/api/handlers/userHandler.go:879.16,882.3 2 0
MAXPUMP1/pkg/api/handlers/userHandler.go:883.2,883.45 1 0
MAXPUMP1/pkg/api/handlers/userHandler.go:883.45,886.3 2 0
MAXPUMP1/pkg/api/handlers/userHandler.go:887.2,896.52 2 0
MAXPUMP1/pkg/api/handlers/userHandler.go:899.60,902.19 3 0
MAXPUMP1/pkg/api/handlers/userHandler.go:902.19,905.3 2 0
MAXPUMP1/pkg/api/handlers/userHandler.go:906.2,907.29 2 0
MAXPUMP1/pkg/api/handlers/userHandler.go:907.29,910.3 2 0
MAXPUMP1/pkg/api/handlers/userHandler.go:911.2,915.16 5 0
MAXPUMP1/pkg/api/handlers/userHandler.go:915.16,918.3 2 0
MAXPUMP1/pkg/api/handlers/userHandler.go:919.2,919.23 1 0
MAXPUMP1/pkg/api/handlers/userHandler.go:919.23,922.3 2 0
MAXPUMP1/pkg/api/handlers/userHandler.go:923.2,924.24 2 0
MAXPUMP1/pkg/api/handlers/userHandler.go:924.24,927.3 2 0
MAXPUMP1/pkg/api/handlers/userHandler.go:928.2,930.16 3 0
MAXPUMP1/pkg/api/handlers/userHandler.go:930.16,933.3 2 0
MAXPUMP1/pkg/api/handlers/userHandler.go:934.2,934.44 1 0
MAXPUMP1/pkg/api/handlers/userHandler.go:934.44,937.3 2 0
MAXPUMP1/pkg/api/handlers/userHandler.go:938.2,947.52 2 0
MAXPUMP1/pkg/api/handlers/userHandler.go:950.51,953.16 3 0
MAXPUMP1/pkg/api/handlers/userHandler.go:953.16,956.3 2 0
MAXPUMP1/pkg/api/handlers/userHandler.go:957.2,957.53 1 0
MAXPUMP1/pkg/api/handlers/userHandler.go:960.56,962.47 2 0
MAXPUMP1/pkg/api/handlers/userHandler.go:962.47,965.3 2 0
MAXPUMP1/pkg/api/handlers/userHandler.go:966.2,970.16 5 0
MAXPUMP1/pkg/api/handlers/userHandler.go:970.16,973.3 2 0
MAXPUMP1/pkg/api/handlers/userHandler.go:974.2,974.16 1 0
MAXPUMP1/pkg/api/handlers/userHandler.go:974.16,981.17 3 0
MAXPUMP1/pkg/api/handlers/userHandler.go:981.17,984.4 2 0
MAXPUMP1/pkg/api/handlers/userHandler.go:985.3,985.71 1 0
MAXPUMP1/pkg/api/handlers/userHandler.go:989.54,992.16 3 0
MAXPUMP1/pkg/api/handlers/userHandler.go:992.16,995.3 2 0
MAXPUMP1/pkg/api/handlers/userHandler.go:996.2,996.67 1 0
MAXPUMP1/pkg/api/handlers/userHandler.go:999.55,1001.2 1 0
